Copyright 1986-2022 Xilinx, Inc. All Rights Reserved. Copyright 2022-2023 Advanced Micro Devices, Inc. All Rights Reserved.
---------------------------------------------------------------------------------------------------------------------------------------------
| Tool Version : Vivado v.2023.1 (lin64) Build 3865809 Sun May  7 15:04:56 MDT 2023
| Date         : Mon Jan 22 15:05:33 2024
| Host         : thejoey-Z390-UD running 64-bit Ubuntu 22.04.3 LTS
| Command      : report_control_sets -verbose -file top_control_sets_placed.rpt
| Design       : top
| Device       : xc7a35ti
---------------------------------------------------------------------------------------------------------------------------------------------

Control Set Information

Table of Contents
-----------------
1. Summary
2. Histogram
3. Flip-Flop Distribution
4. Detailed Control Set Information

1. Summary
----------

+----------------------------------------------------------+-------+
|                          Status                          | Count |
+----------------------------------------------------------+-------+
| Total control sets                                       |     4 |
|    Minimum number of control sets                        |     4 |
|    Addition due to synthesis replication                 |     0 |
|    Addition due to physical synthesis replication        |     0 |
| Unused register locations in slices containing registers |    12 |
+----------------------------------------------------------+-------+
* Control sets can be merged at opt_design using control_set_merge or merge_equivalent_drivers
** Run report_qor_suggestions for automated merging and remapping suggestions


2. Histogram
------------

+--------------------+-------+
|       Fanout       | Count |
+--------------------+-------+
| Total control sets |     4 |
| >= 0 to < 4        |     0 |
| >= 4 to < 6        |     0 |
| >= 6 to < 8        |     0 |
| >= 8 to < 10       |     0 |
| >= 10 to < 12      |     0 |
| >= 12 to < 14      |     0 |
| >= 14 to < 16      |     0 |
| >= 16              |     4 |
+--------------------+-------+
* Control sets can be remapped at either synth_design or opt_design


3. Flip-Flop Distribution
-------------------------

+--------------+-----------------------+------------------------+-----------------+--------------+
| Clock Enable | Synchronous Set/Reset | Asynchronous Set/Reset | Total Registers | Total Slices |
+--------------+-----------------------+------------------------+-----------------+--------------+
| No           | No                    | No                     |               0 |            0 |
| No           | No                    | Yes                    |              16 |            6 |
| No           | Yes                   | No                     |              20 |            5 |
| Yes          | No                    | No                     |               0 |            0 |
| Yes          | No                    | Yes                    |              40 |           14 |
| Yes          | Yes                   | No                     |               0 |            0 |
+--------------+-----------------------+------------------------+-----------------+--------------+


4. Detailed Control Set Information
-----------------------------------

+----------------+-----------------+------------------------+------------------+----------------+--------------+
|  Clock Signal  |  Enable Signal  |    Set/Reset Signal    | Slice Load Count | Bel Load Count | Bels / Slice |
+----------------+-----------------+------------------------+------------------+----------------+--------------+
|  clk_IBUF_BUFG |                 | clr_IBUF               |                6 |             16 |         2.67 |
|  clk_IBUF_BUFG |                 | count/count[0]_i_1_n_0 |                5 |             20 |         4.00 |
|  clk_IBUF_BUFG | value_net       | clr_IBUF               |                9 |             20 |         2.22 |
|  clk_IBUF_BUFG | value_net_brush | clr_IBUF               |                5 |             20 |         4.00 |
+----------------+-----------------+------------------------+------------------+----------------+--------------+


